<?xml version="1.0" encoding="UTF-8"?>
<!-- Generated by org.testng.reporters.JUnitReportReporter -->
<testsuite hostname="raju-desktop" name="com.settingsTestcase.SettingTestcase6" tests="1" failures="0" timestamp="10 Dec 2020 10:07:44 GMT" time="20.433" errors="0">
  <testcase name="set" time="20.433" classname="com.settingsTestcase.SettingTestcase6"/>
</testsuite> <!-- com.settingsTestcase.SettingTestcase6 -->
