<?xml version="1.0" encoding="UTF-8"?>
<!-- Generated by org.testng.reporters.JUnitReportReporter -->
<testsuite hostname="raju-desktop" name="com.settingsTestcase.SettingTestcase9" tests="1" failures="0" timestamp="10 Dec 2020 11:01:38 GMT" time="9.571" errors="0">
  <testcase name="set" time="9.571" classname="com.settingsTestcase.SettingTestcase9"/>
</testsuite> <!-- com.settingsTestcase.SettingTestcase9 -->
