<?xml version="1.0" encoding="UTF-8"?>
<!-- Generated by org.testng.reporters.JUnitReportReporter -->
<testsuite hostname="raju-desktop" name="com.patientLoginTestCases.PatientContactTestcase" tests="1" failures="0" timestamp="17 Sep 2020 13:39:59 GMT" time="20.529" errors="0">
  <testcase name="contact" time="20.529" classname="com.patientLoginTestCases.PatientContactTestcase"/>
</testsuite> <!-- com.patientLoginTestCases.PatientContactTestcase -->
