<?xml version="1.0" encoding="UTF-8"?>
<!-- Generated by org.testng.reporters.JUnitReportReporter -->
<testsuite hostname="raju-desktop" name="com.settingsTestcase.SettingTestcase4" tests="1" failures="0" timestamp="10 Dec 2020 09:20:33 GMT" time="30.285" errors="0">
  <testcase name="set" time="30.285" classname="com.settingsTestcase.SettingTestcase4"/>
</testsuite> <!-- com.settingsTestcase.SettingTestcase4 -->
