<?xml version="1.0" encoding="UTF-8"?>
<!-- Generated by org.testng.reporters.JUnitReportReporter -->
<testsuite hostname="DESKTOP-R32IHP1" name="com.qa.test.Amendment" tests="1" failures="0" timestamp="18 Mar 2020 13:42:20 GMT" time="498.710" errors="0">
  <testcase name="Patient" time="498.710" classname="com.qa.test.Amendment"/>
</testsuite> <!-- com.qa.test.Amendment -->
