<?xml version="1.0" encoding="UTF-8"?>
<!-- Generated by org.testng.reporters.JUnitReportReporter -->
<testsuite hostname="raju-desktop" name="com.patientLoginTestCases.AlternatecontactTestcase" tests="1" failures="0" timestamp="30 Sep 2020 13:41:58 GMT" time="16.647" errors="0">
  <testcase name="alternateContact" time="16.647" classname="com.patientLoginTestCases.AlternatecontactTestcase"/>
</testsuite> <!-- com.patientLoginTestCases.AlternatecontactTestcase -->
