<?xml version="1.0" encoding="UTF-8"?>
<!-- Generated by org.testng.reporters.JUnitReportReporter -->
<testsuite hostname="DESKTOP-R32IHP1" name="com.qa.test.Procedure" tests="1" failures="0" timestamp="19 Mar 2020 10:42:22 GMT" time="613.217" errors="0">
  <testcase name="Patient" time="613.217" classname="com.qa.test.Procedure"/>
</testsuite> <!-- com.qa.test.Procedure -->
