<?xml version="1.0" encoding="UTF-8"?>
<!-- Generated by org.testng.reporters.JUnitReportReporter -->
<testsuite hostname="raju-desktop" name="com.settingsTestcase.SettingTestcase1" tests="1" failures="0" timestamp="10 Dec 2020 09:01:49 GMT" time="3.561" errors="0">
  <testcase name="set" time="3.561" classname="com.settingsTestcase.SettingTestcase1"/>
</testsuite> <!-- com.settingsTestcase.SettingTestcase1 -->
