<?xml version="1.0" encoding="UTF-8"?>
<!-- Generated by org.testng.reporters.JUnitReportReporter -->
<testsuite hostname="raju-desktop" name="com.PatientRateusTestcases.RateusTestcases13" tests="1" failures="0" timestamp="9 Dec 2020 11:39:25 GMT" time="28.159" errors="0">
  <testcase name="rateus" time="28.159" classname="com.PatientRateusTestcases.RateusTestcases13"/>
</testsuite> <!-- com.PatientRateusTestcases.RateusTestcases13 -->
