<?xml version="1.0" encoding="UTF-8"?>
<!-- Generated by org.testng.reporters.JUnitReportReporter -->
<testsuite hostname="raju-desktop" name="com.settingsTestcase.SettingTestcase12" tests="1" failures="0" timestamp="10 Dec 2020 11:36:31 GMT" time="6.443" errors="0">
  <testcase name="set" time="6.443" classname="com.settingsTestcase.SettingTestcase12"/>
</testsuite> <!-- com.settingsTestcase.SettingTestcase12 -->
