<?xml version="1.0" encoding="UTF-8"?>
<!-- Generated by org.testng.reporters.JUnitReportReporter -->
<testsuite hostname="raju-desktop" name="com.settingsTestcase.SettingTestcase13" tests="1" failures="0" timestamp="10 Dec 2020 11:46:00 GMT" time="12.303" errors="0">
  <testcase name="set" time="12.303" classname="com.settingsTestcase.SettingTestcase13"/>
</testsuite> <!-- com.settingsTestcase.SettingTestcase13 -->
