<?xml version="1.0" encoding="UTF-8"?>
<!-- Generated by org.testng.reporters.JUnitReportReporter -->
<testsuite hostname="raju-desktop" name="com.PatientHomePageTestcases.HomePageTestcase4" tests="1" failures="0" timestamp="11 Nov 2020 13:33:03 GMT" time="8.330" errors="0">
  <testcase name="print" time="8.330" classname="com.PatientHomePageTestcases.HomePageTestcase4"/>
</testsuite> <!-- com.PatientHomePageTestcases.HomePageTestcase4 -->
