<?xml version="1.0" encoding="UTF-8"?>
<!-- Generated by org.testng.reporters.JUnitReportReporter -->
<testsuite hostname="raju-desktop" name="com.PatientMessageTestcase.MessageTestcase1" tests="1" failures="0" timestamp="9 Nov 2020 11:35:32 GMT" time="13.390" errors="0">
  <testcase name="messages" time="13.390" classname="com.PatientMessageTestcase.MessageTestcase1"/>
</testsuite> <!-- com.PatientMessageTestcase.MessageTestcase1 -->
