<?xml version="1.0" encoding="UTF-8"?>
<!-- Generated by org.testng.reporters.JUnitReportReporter -->
<testsuite hostname="raju-desktop" name="com.PatientRateusTestcases.RateusTestcases18" tests="1" failures="0" timestamp="9 Dec 2020 12:50:34 GMT" time="14.491" errors="0">
  <testcase name="rateus" time="14.491" classname="com.PatientRateusTestcases.RateusTestcases18"/>
</testsuite> <!-- com.PatientRateusTestcases.RateusTestcases18 -->
