<?xml version="1.0" encoding="UTF-8"?>
<!-- Generated by org.testng.reporters.JUnitReportReporter -->
<testsuite hostname="DESKTOP-R32IHP1" name="com.qa.test.Search" tests="1" failures="0" timestamp="13 Mar 2020 06:00:54 GMT" time="6.309" errors="0">
  <testcase name="f1" time="6.309" classname="com.qa.test.Search"/>
</testsuite> <!-- com.qa.test.Search -->
