<?xml version="1.0" encoding="UTF-8"?>
<!-- Generated by org.testng.reporters.JUnitReportReporter -->
<testsuite hostname="DESKTOP-R32IHP1" name="com.qa.test.Alert" tests="1" failures="0" timestamp="12 Mar 2020 10:20:06 GMT" time="25.293" errors="0">
  <testcase name="AddAlert" time="25.293" classname="com.qa.test.Alert"/>
</testsuite> <!-- com.qa.test.Alert -->
