<?xml version="1.0" encoding="UTF-8"?>
<!-- Generated by org.testng.reporters.JUnitReportReporter -->
<testsuite hostname="raju-desktop" name="com.patientLoginTestCases.ChangePasswordTestcase" tests="1" failures="0" timestamp="27 Oct 2020 13:56:40 GMT" time="19.246" errors="0">
  <testcase name="patientPassword" time="19.246" classname="com.patientLoginTestCases.ChangePasswordTestcase"/>
</testsuite> <!-- com.patientLoginTestCases.ChangePasswordTestcase -->
