<?xml version="1.0" encoding="UTF-8"?>
<!-- Generated by org.testng.reporters.JUnitReportReporter -->
<testsuite hostname="raju-desktop" name="com.PatientMessageTestcase.MessageHelp" tests="1" failures="0" timestamp="9 Nov 2020 13:55:55 GMT" time="12.544" errors="0">
  <testcase name="messages" time="12.544" classname="com.PatientMessageTestcase.MessageHelp"/>
</testsuite> <!-- com.PatientMessageTestcase.MessageHelp -->
