<?xml version="1.0" encoding="UTF-8"?>
<!-- Generated by org.testng.reporters.JUnitReportReporter -->
<testsuite hostname="DESKTOP-R32IHP1" name="com.qa.test.Problem" tests="1" failures="0" timestamp="17 Mar 2020 10:32:49 GMT" time="96.836" errors="0">
  <testcase name="Patient" time="96.836" classname="com.qa.test.Problem"/>
</testsuite> <!-- com.qa.test.Problem -->
