<?xml version="1.0" encoding="UTF-8"?>
<!-- Generated by org.testng.reporters.JUnitReportReporter -->
<testsuite hostname="raju-desktop" name="com.qa.test.TestOrder" tests="1" failures="0" timestamp="22 Apr 2020 11:20:18 GMT" time="44.704" errors="0">
  <testcase name="Patient" time="44.704" classname="com.qa.test.TestOrder"/>
</testsuite> <!-- com.qa.test.TestOrder -->
