<?xml version="1.0" encoding="UTF-8"?>
<!-- Generated by org.testng.reporters.JUnitReportReporter -->
<testsuite hostname="DESKTOP-R32IHP1" name="com.qa.test.SignUp" tests="1" failures="0" timestamp="13 Mar 2020 05:57:59 GMT" time="11.435" errors="0">
  <testcase name="SignUpTest" time="11.435" classname="com.qa.test.SignUp"/>
</testsuite> <!-- com.qa.test.SignUp -->
