<?xml version="1.0" encoding="UTF-8"?>
<!-- Generated by org.testng.reporters.JUnitReportReporter -->
<testsuite hostname="raju-desktop" name="com.PatientRateusTestcases.RateusTestcases11" tests="1" failures="0" timestamp="9 Dec 2020 11:07:16 GMT" time="16.726" errors="0">
  <testcase name="rateus" time="16.726" classname="com.PatientRateusTestcases.RateusTestcases11"/>
</testsuite> <!-- com.PatientRateusTestcases.RateusTestcases11 -->
