<?xml version="1.0" encoding="UTF-8"?>
<!-- Generated by org.testng.reporters.JUnitReportReporter -->
<testsuite hostname="raju-desktop" name="com.patientLoginTestCases.TestCase1" tests="1" failures="0" timestamp="16 Sep 2020 13:09:49 GMT" time="38.108" errors="0">
  <testcase name="settings" time="38.108" classname="com.patientLoginTestCases.TestCase1"/>
</testsuite> <!-- com.patientLoginTestCases.TestCase1 -->
