<?xml version="1.0" encoding="UTF-8"?>
<!-- Generated by org.testng.reporters.JUnitReportReporter -->
<testsuite hostname="raju-desktop" name="com.qa.test.inpatient" tests="1" failures="0" timestamp="20 Apr 2020 11:20:08 GMT" time="35.731" errors="0">
  <testcase name="f" time="35.731" classname="com.qa.test.inpatient"/>
</testsuite> <!-- com.qa.test.inpatient -->
