<?xml version="1.0" encoding="UTF-8"?>
<!-- Generated by org.testng.reporters.JUnitReportReporter -->
<testsuite hostname="raju-desktop" name="com.PatientMessageTestcase.ComposeMessageTestcase" tests="1" failures="0" timestamp="9 Nov 2020 13:52:39 GMT" time="13.812" errors="0">
  <testcase name="messages" time="13.812" classname="com.PatientMessageTestcase.ComposeMessageTestcase"/>
</testsuite> <!-- com.PatientMessageTestcase.ComposeMessageTestcase -->
