<?xml version="1.0" encoding="UTF-8"?>
<!-- Generated by org.testng.reporters.JUnitReportReporter -->
<testsuite hostname="raju-desktop" name="com.qa.test.Vital" tests="10" failures="0" timestamp="7 Apr 2020 07:15:35 GMT" time="86.636" errors="0">
  <testcase name="OxySaturation" time="4.387" classname="com.qa.test.Vital"/>
  <testcase name="glucose" time="12.886" classname="com.qa.test.Vital"/>
  <testcase name="heartRate" time="4.390" classname="com.qa.test.Vital"/>
  <testcase name="RespiratoryRate" time="12.887" classname="com.qa.test.Vital"/>
  <testcase name="heightAtAge" time="7.548" classname="com.qa.test.Vital"/>
  <testcase name="Temperature" time="13.002" classname="com.qa.test.Vital"/>
  <testcase name="BloodPressure" time="4.905" classname="com.qa.test.Vital"/>
  <testcase name="height" time="7.438" classname="com.qa.test.Vital"/>
  <testcase name="BMI" time="4.286" classname="com.qa.test.Vital"/>
  <testcase name="Weight" time="14.907" classname="com.qa.test.Vital"/>
</testsuite> <!-- com.qa.test.Vital -->
