<?xml version="1.0" encoding="UTF-8"?>
<!-- Generated by org.testng.reporters.JUnitReportReporter -->
<testsuite hostname="raju-desktop" name="com.settingsTestcase.SettingTestcase8" tests="1" failures="0" timestamp="10 Dec 2020 10:59:43 GMT" time="9.653" errors="0">
  <testcase name="set" time="9.653" classname="com.settingsTestcase.SettingTestcase8"/>
</testsuite> <!-- com.settingsTestcase.SettingTestcase8 -->
