<?xml version="1.0" encoding="UTF-8"?>
<!-- Generated by org.testng.reporters.JUnitReportReporter -->
<testsuite hostname="raju-desktop" name="com.PatientRateusTestcases.RateusTestcases9" tests="1" failures="0" timestamp="9 Dec 2020 10:52:58 GMT" time="16.470" errors="0">
  <testcase name="rateus" time="16.470" classname="com.PatientRateusTestcases.RateusTestcases9"/>
</testsuite> <!-- com.PatientRateusTestcases.RateusTestcases9 -->
