<?xml version="1.0" encoding="UTF-8"?>
<!-- Generated by org.testng.reporters.JUnitReportReporter -->
<testsuite hostname="DESKTOP-R32IHP1" name="com.qa.test.DemoTest" tests="1" failures="0" timestamp="3 Mar 2020 07:37:15 GMT" time="11.347" errors="0">
  <testcase name="sum" time="11.347" classname="com.qa.test.DemoTest"/>
</testsuite> <!-- com.qa.test.DemoTest -->
