<?xml version="1.0" encoding="UTF-8"?>
<!-- Generated by org.testng.reporters.JUnitReportReporter -->
<testsuite hostname="raju-desktop" name="com.settingsTestcase.SettingTestcase11" tests="1" failures="0" timestamp="10 Dec 2020 11:29:31 GMT" time="11.603" errors="0">
  <testcase name="set" time="11.603" classname="com.settingsTestcase.SettingTestcase11"/>
</testsuite> <!-- com.settingsTestcase.SettingTestcase11 -->
