<?xml version="1.0" encoding="UTF-8"?>
<!-- Generated by org.testng.reporters.JUnitReportReporter -->
<testsuite hostname="raju-desktop" name="com.PatientRateusTestcases.RateusTestcases12" tests="1" failures="0" timestamp="9 Dec 2020 11:16:42 GMT" time="16.972" errors="0">
  <testcase name="rateus" time="16.972" classname="com.PatientRateusTestcases.RateusTestcases12"/>
</testsuite> <!-- com.PatientRateusTestcases.RateusTestcases12 -->
