<?xml version="1.0" encoding="UTF-8"?>
<!-- Generated by org.testng.reporters.JUnitReportReporter -->
<testsuite hostname="raju-desktop" name="com.patientLoginTestCases.GeneralSettingTestCase1" tests="1" failures="0" timestamp="17 Sep 2020 09:55:39 GMT" time="39.219" errors="0">
  <testcase name="settings" time="39.219" classname="com.patientLoginTestCases.GeneralSettingTestCase1"/>
</testsuite> <!-- com.patientLoginTestCases.GeneralSettingTestCase1 -->
