<?xml version="1.0" encoding="UTF-8"?>
<!-- Generated by org.testng.reporters.JUnitReportReporter -->
<testsuite hostname="DESKTOP-R32IHP1" name="com.qa.test.CalenderSmsNotification" tests="1" failures="0" timestamp="12 Mar 2020 09:59:12 GMT" time="62.072" errors="0">
  <testcase name="calender_SMSNotification" time="62.072" classname="com.qa.test.CalenderSmsNotification"/>
</testsuite> <!-- com.qa.test.CalenderSmsNotification -->
