<?xml version="1.0" encoding="UTF-8"?>
<!-- Generated by org.testng.reporters.JUnitReportReporter -->
<testsuite hostname="raju-desktop" name="com.settingsTestcase.SettingTestcase2" tests="1" failures="0" timestamp="10 Dec 2020 09:09:34 GMT" time="9.830" errors="0">
  <testcase name="set" time="9.830" classname="com.settingsTestcase.SettingTestcase2"/>
</testsuite> <!-- com.settingsTestcase.SettingTestcase2 -->
