<?xml version="1.0" encoding="UTF-8"?>
<!-- Generated by org.testng.reporters.JUnitReportReporter -->
<testsuite hostname="raju-desktop" name="com.qa.test.patientCreation1" tests="1" failures="0" timestamp="24 Aug 2020 10:35:26 GMT" time="71.455" errors="0">
  <testcase name="patientCreation1" time="71.455" classname="com.qa.test.patientCreation1"/>
</testsuite> <!-- com.qa.test.patientCreation1 -->
