<?xml version="1.0" encoding="UTF-8"?>
<!-- Generated by org.testng.reporters.JUnitReportReporter -->
<testsuite hostname="raju-desktop" name="com.PatientRateusTestcases.RateusTestcases14" tests="1" failures="0" timestamp="9 Dec 2020 11:43:47 GMT" time="22.637" errors="0">
  <testcase name="rateus" time="22.637" classname="com.PatientRateusTestcases.RateusTestcases14"/>
</testsuite> <!-- com.PatientRateusTestcases.RateusTestcases14 -->
