<?xml version="1.0" encoding="UTF-8"?>
<!-- Generated by org.testng.reporters.JUnitReportReporter -->
<testsuite hostname="raju-desktop" name="com.patientLoginTestCases.BillingTestcase" tests="1" failures="0" timestamp="9 Nov 2020 13:28:21 GMT" time="25.629" errors="0">
  <testcase name="billings" time="25.629" classname="com.patientLoginTestCases.BillingTestcase"/>
</testsuite> <!-- com.patientLoginTestCases.BillingTestcase -->
