<?xml version="1.0" encoding="UTF-8"?>
<!-- Generated by org.testng.reporters.JUnitReportReporter -->
<testsuite hostname="raju-desktop" name="com.PatientRateusTestcases.RateUsTestcase6" tests="1" failures="0" timestamp="9 Dec 2020 10:25:09 GMT" time="16.922" errors="0">
  <testcase name="rateus" time="16.922" classname="com.PatientRateusTestcases.RateUsTestcase6"/>
</testsuite> <!-- com.PatientRateusTestcases.RateUsTestcase6 -->
