<?xml version="1.0" encoding="UTF-8"?>
<!-- Generated by org.testng.reporters.JUnitReportReporter -->
<testsuite hostname="DESKTOP-R32IHP1" name="com.qa.test.Status" tests="1" failures="0" timestamp="20 Mar 2020 13:22:32 GMT" time="36.530" errors="0">
  <testcase name="Patient" time="36.530" classname="com.qa.test.Status"/>
</testsuite> <!-- com.qa.test.Status -->
