<?xml version="1.0" encoding="UTF-8"?>
<!-- Generated by org.testng.reporters.JUnitReportReporter -->
<testsuite hostname="raju-desktop" name="com.PatientRateusTestcases.RateusTestcases10" tests="1" failures="0" timestamp="9 Dec 2020 10:55:07 GMT" time="16.552" errors="0">
  <testcase name="rateus" time="16.552" classname="com.PatientRateusTestcases.RateusTestcases10"/>
</testsuite> <!-- com.PatientRateusTestcases.RateusTestcases10 -->
