<?xml version="1.0" encoding="UTF-8"?>
<!-- Generated by org.testng.reporters.JUnitReportReporter -->
<testsuite hostname="raju-desktop" name="com.PatientRateusTestcases.RateUsTestcase1" tests="1" failures="0" timestamp="11 Nov 2020 13:33:52 GMT" time="16.570" errors="0">
  <testcase name="rateus" time="16.570" classname="com.PatientRateusTestcases.RateUsTestcase1"/>
</testsuite> <!-- com.PatientRateusTestcases.RateUsTestcase1 -->
