<?xml version="1.0" encoding="UTF-8"?>
<!-- Generated by org.testng.reporters.JUnitReportReporter -->
<testsuite hostname="raju-desktop" name="com.PatientRateusTestcases.RateUsTestcase5" tests="1" failures="0" timestamp="9 Dec 2020 13:09:59 GMT" time="16.713" errors="0">
  <testcase name="rateus" time="16.713" classname="com.PatientRateusTestcases.RateUsTestcase5"/>
</testsuite> <!-- com.PatientRateusTestcases.RateUsTestcase5 -->
