<?xml version="1.0" encoding="UTF-8"?>
<!-- Generated by org.testng.reporters.JUnitReportReporter -->
<testsuite hostname="raju-desktop" name="com.PatientHomePageTestcases.HomepageTestcase2" tests="1" failures="0" timestamp="11 Nov 2020 13:32:21 GMT" time="3.227" errors="0">
  <testcase name="signin" time="3.227" classname="com.PatientHomePageTestcases.HomepageTestcase2"/>
</testsuite> <!-- com.PatientHomePageTestcases.HomepageTestcase2 -->
