<?xml version="1.0" encoding="UTF-8"?>
<!-- Generated by org.testng.reporters.JUnitReportReporter -->
<testsuite hostname="DESKTOP-R32IHP1" name="com.qa.test.Cart" tests="5" failures="0" timestamp="12 Mar 2020 10:03:55 GMT" time="163.581" errors="0">
  <testcase name="f2" time="18.873" classname="com.qa.test.Cart"/>
  <testcase name="f4" time="18.875" classname="com.qa.test.Cart"/>
  <testcase name="login" time="25.348" classname="com.qa.test.Cart"/>
  <testcase name="f3" time="18.840" classname="com.qa.test.Cart"/>
  <testcase name="f1" time="81.645" classname="com.qa.test.Cart"/>
</testsuite> <!-- com.qa.test.Cart -->
