<?xml version="1.0" encoding="UTF-8"?>
<!-- Generated by org.testng.reporters.JUnitReportReporter -->
<testsuite hostname="raju-desktop" name="com.PatientMessageTestcase.SentMessage" tests="1" failures="0" timestamp="9 Nov 2020 13:53:46 GMT" time="10.032" errors="0">
  <testcase name="messages" time="10.032" classname="com.PatientMessageTestcase.SentMessage"/>
</testsuite> <!-- com.PatientMessageTestcase.SentMessage -->
