<?xml version="1.0" encoding="UTF-8"?>
<!-- Generated by org.testng.reporters.JUnitReportReporter -->
<testsuite hostname="DESKTOP-R32IHP1" name="com.qa.test.Goal" tests="1" failures="0" timestamp="19 Mar 2020 08:30:04 GMT" time="49.921" errors="0">
  <testcase name="Patient" time="49.921" classname="com.qa.test.Goal"/>
</testsuite> <!-- com.qa.test.Goal -->
