<?xml version="1.0" encoding="UTF-8"?>
<!-- Generated by org.testng.reporters.JUnitReportReporter -->
<testsuite hostname="raju-desktop" name="com.qa.test.forms" tests="1" failures="0" timestamp="21 Apr 2020 11:31:46 GMT" time="23.061" errors="0">
  <testcase name="f" time="23.061" classname="com.qa.test.forms"/>
</testsuite> <!-- com.qa.test.forms -->
