<?xml version="1.0" encoding="UTF-8"?>
<!-- Generated by org.testng.reporters.JUnitReportReporter -->
<testsuite hostname="raju-desktop" name="com.PatientRateusTestcases.RateUsTestcase2" tests="1" failures="0" timestamp="11 Nov 2020 13:13:25 GMT" time="14.704" errors="0">
  <testcase name="rateus" time="14.704" classname="com.PatientRateusTestcases.RateUsTestcase2"/>
</testsuite> <!-- com.PatientRateusTestcases.RateUsTestcase2 -->
