<?xml version="1.0" encoding="UTF-8"?>
<!-- Generated by org.testng.reporters.JUnitReportReporter -->
<testsuite hostname="raju-desktop" name="com.PatientRateusTestcases.RateusTestcases8" tests="1" failures="0" timestamp="9 Dec 2020 10:42:47 GMT" time="16.610" errors="0">
  <testcase name="rateus" time="16.610" classname="com.PatientRateusTestcases.RateusTestcases8"/>
</testsuite> <!-- com.PatientRateusTestcases.RateusTestcases8 -->
