<?xml version="1.0" encoding="UTF-8"?>
<!-- Generated by org.testng.reporters.JUnitReportReporter -->
<testsuite hostname="raju-desktop" name="com.PatientRateusTestcases.RateusTestcases17" tests="1" failures="0" timestamp="9 Dec 2020 12:14:35 GMT" time="16.373" errors="0">
  <testcase name="rateus" time="16.373" classname="com.PatientRateusTestcases.RateusTestcases17"/>
</testsuite> <!-- com.PatientRateusTestcases.RateusTestcases17 -->
