<?xml version="1.0" encoding="UTF-8"?>
<!-- Generated by org.testng.reporters.JUnitReportReporter -->
<testsuite hostname="raju-desktop" name="com.patientLoginTestCases.AutologoutTestcase" tests="1" failures="0" timestamp="15 Oct 2020 13:51:18 GMT" time="14.629" errors="0">
  <testcase name="time" time="14.629" classname="com.patientLoginTestCases.AutologoutTestcase"/>
</testsuite> <!-- com.patientLoginTestCases.AutologoutTestcase -->
