<?xml version="1.0" encoding="UTF-8"?>
<!-- Generated by org.testng.reporters.JUnitReportReporter -->
<testsuite hostname="raju-desktop" name="com.settingsTestcase.SettingTestcase5" tests="1" failures="0" timestamp="10 Dec 2020 09:24:41 GMT" time="30.314" errors="0">
  <testcase name="set" time="30.314" classname="com.settingsTestcase.SettingTestcase5"/>
</testsuite> <!-- com.settingsTestcase.SettingTestcase5 -->
