<?xml version="1.0" encoding="UTF-8"?>
<!-- Generated by org.testng.reporters.JUnitReportReporter -->
<testsuite hostname="raju-desktop" name="com.settingsTestcase.SettingTestcase10" tests="1" failures="0" timestamp="10 Dec 2020 11:06:41 GMT" time="6.552" errors="0">
  <testcase name="set" time="6.552" classname="com.settingsTestcase.SettingTestcase10"/>
</testsuite> <!-- com.settingsTestcase.SettingTestcase10 -->
