<?xml version="1.0" encoding="UTF-8"?>
<!-- Generated by org.testng.reporters.JUnitReportReporter -->
<testsuite hostname="DESKTOP-R32IHP1" name="com.qa.test.HealthRecord" tests="1" failures="0" timestamp="12 Mar 2020 13:02:23 GMT" time="132.190" errors="0">
  <testcase name="f1" time="132.190" classname="com.qa.test.HealthRecord"/>
</testsuite> <!-- com.qa.test.HealthRecord -->
