<?xml version="1.0" encoding="UTF-8"?>
<!-- Generated by org.testng.reporters.JUnitReportReporter -->
<testsuite hostname="raju-desktop" name="com.PatientHomePageTestcases.LoginTestcases1" tests="1" failures="0" timestamp="11 Nov 2020 07:40:04 GMT" time="51.111" errors="0">
  <testcase name="login1" time="51.111" classname="com.PatientHomePageTestcases.LoginTestcases1"/>
</testsuite> <!-- com.PatientHomePageTestcases.LoginTestcases1 -->
