<?xml version="1.0" encoding="UTF-8"?>
<!-- Generated by org.testng.reporters.JUnitReportReporter -->
<testsuite hostname="raju-desktop" name="com.practiseSelenium.print" tests="1" failures="0" timestamp="15 Oct 2020 13:41:47 GMT" time="0.223" errors="0">
  <testcase name="gg" time="0.223" classname="com.practiseSelenium.print"/>
</testsuite> <!-- com.practiseSelenium.print -->
