<?xml version="1.0" encoding="UTF-8"?>
<!-- Generated by org.testng.reporters.JUnitReportReporter -->
<testsuite hostname="raju-desktop" name="com.PatientHomePageTestcases.HomePageTestcase3" tests="1" failures="0" timestamp="11 Nov 2020 08:05:35 GMT" time="3.153" errors="0">
  <testcase name="billings" time="3.153" classname="com.PatientHomePageTestcases.HomePageTestcase3"/>
</testsuite> <!-- com.PatientHomePageTestcases.HomePageTestcase3 -->
