<?xml version="1.0" encoding="UTF-8"?>
<!-- Generated by org.testng.reporters.JUnitReportReporter -->
<testsuite hostname="raju-desktop" name="com.PatientRateusTestcases.RateUsTestcase4" tests="1" failures="0" timestamp="12 Nov 2020 11:19:33 GMT" time="19.483" errors="0">
  <testcase name="rateus" time="19.483" classname="com.PatientRateusTestcases.RateUsTestcase4"/>
</testsuite> <!-- com.PatientRateusTestcases.RateUsTestcase4 -->
