<?xml version="1.0" encoding="UTF-8"?>
<!-- Generated by org.testng.reporters.JUnitReportReporter -->
<testsuite hostname="raju-desktop" name="com.PatientRateusTestcases.RateUsTestcase3" tests="1" failures="0" timestamp="12 Nov 2020 11:17:05 GMT" time="16.407" errors="0">
  <testcase name="rateus" time="16.407" classname="com.PatientRateusTestcases.RateUsTestcase3"/>
</testsuite> <!-- com.PatientRateusTestcases.RateUsTestcase3 -->
