<?xml version="1.0" encoding="UTF-8"?>
<!-- Generated by org.testng.reporters.JUnitReportReporter -->
<testsuite hostname="raju-desktop" name="com.PatientMessageTestcase.MessageTestCase2" tests="1" failures="0" timestamp="9 Nov 2020 12:00:20 GMT" time="10.144" errors="0">
  <testcase name="messages" time="10.144" classname="com.PatientMessageTestcase.MessageTestCase2"/>
</testsuite> <!-- com.PatientMessageTestcase.MessageTestCase2 -->
