<?xml version="1.0" encoding="UTF-8"?>
<!-- Generated by org.testng.reporters.JUnitReportReporter -->
<testsuite hostname="raju-desktop" name="com.patientLoginTestCases.CareTeamMemberTestcase" tests="1" failures="0" timestamp="30 Sep 2020 13:45:56 GMT" time="4.463" errors="0">
  <testcase name="alternateContact" time="4.463" classname="com.patientLoginTestCases.CareTeamMemberTestcase"/>
</testsuite> <!-- com.patientLoginTestCases.CareTeamMemberTestcase -->
