<?xml version="1.0" encoding="UTF-8"?>
<!-- Generated by org.testng.reporters.JUnitReportReporter -->
<testsuite hostname="raju-desktop" name="com.patientLoginTestCases.DateformatTestcase" tests="1" failures="0" timestamp="27 Oct 2020 08:21:39 GMT" time="38.353" errors="0">
  <testcase name="time" time="38.353" classname="com.patientLoginTestCases.DateformatTestcase"/>
</testsuite> <!-- com.patientLoginTestCases.DateformatTestcase -->
