<?xml version="1.0" encoding="UTF-8"?>
<!-- Generated by org.testng.reporters.JUnitReportReporter -->
<testsuite hostname="raju-desktop" name="com.qa.test.referral" tests="1" failures="0" timestamp="22 Apr 2020 13:05:45 GMT" time="29.171" errors="0">
  <testcase name="f" time="29.171" classname="com.qa.test.referral"/>
</testsuite> <!-- com.qa.test.referral -->
