<?xml version="1.0" encoding="UTF-8"?>
<!-- Generated by org.testng.reporters.JUnitReportReporter -->
<testsuite hostname="raju-desktop" name="com.patientLoginTestCases.AuthorizedUserTestcase" tests="1" failures="0" timestamp="27 Oct 2020 13:57:37 GMT" time="11.915" errors="0">
  <testcase name="user" time="11.915" classname="com.patientLoginTestCases.AuthorizedUserTestcase"/>
</testsuite> <!-- com.patientLoginTestCases.AuthorizedUserTestcase -->
