<?xml version="1.0" encoding="UTF-8"?>
<!-- Generated by org.testng.reporters.JUnitReportReporter -->
<testsuite hostname="raju-desktop" name="com.PatientHomePageTestcases.HomepageTestcases1" tests="1" failures="0" timestamp="11 Nov 2020 13:31:40 GMT" time="30.634" errors="0">
  <testcase name="login1" time="30.634" classname="com.PatientHomePageTestcases.HomepageTestcases1"/>
</testsuite> <!-- com.PatientHomePageTestcases.HomepageTestcases1 -->
