<?xml version="1.0" encoding="UTF-8"?>
<!-- Generated by org.testng.reporters.JUnitReportReporter -->
<testsuite hostname="raju-desktop" name="com.settingsTestcase.SettingTestcase7" tests="1" failures="0" timestamp="10 Dec 2020 10:08:26 GMT" time="6.594" errors="0">
  <testcase name="set" time="6.594" classname="com.settingsTestcase.SettingTestcase7"/>
</testsuite> <!-- com.settingsTestcase.SettingTestcase7 -->
