<?xml version="1.0" encoding="UTF-8"?>
<!-- Generated by org.testng.reporters.JUnitReportReporter -->
<testsuite hostname="raju-desktop" name="com.PatientRateusTestcases.RateusTestcases19" tests="1" failures="0" timestamp="9 Dec 2020 12:58:19 GMT" time="21.537" errors="0">
  <testcase name="rateus" time="21.537" classname="com.PatientRateusTestcases.RateusTestcases19"/>
</testsuite> <!-- com.PatientRateusTestcases.RateusTestcases19 -->
