<?xml version="1.0" encoding="UTF-8"?>
<!-- Generated by org.testng.reporters.JUnitReportReporter -->
<testsuite hostname="raju-desktop" name="com.PatientRateusTestcases.RateUsTestcase" tests="1" failures="0" timestamp="11 Nov 2020 12:55:55 GMT" time="16.277" errors="0">
  <testcase name="rateus" time="16.277" classname="com.PatientRateusTestcases.RateUsTestcase"/>
</testsuite> <!-- com.PatientRateusTestcases.RateUsTestcase -->
