<?xml version="1.0" encoding="UTF-8"?>
<!-- Generated by org.testng.reporters.JUnitReportReporter -->
<testsuite hostname="DESKTOP-R32IHP1" name="com.qa.test.Symptom" tests="1" failures="0" timestamp="18 Mar 2020 13:38:07 GMT" time="148.983" errors="0">
  <testcase name="Patient" time="148.983" classname="com.qa.test.Symptom"/>
</testsuite> <!-- com.qa.test.Symptom -->
