<?xml version="1.0" encoding="UTF-8"?>
<!-- Generated by org.testng.reporters.JUnitReportReporter -->
<testsuite hostname="raju-desktop" name="com.PatientMessageTestcase.ViewInboxMessage" tests="1" failures="0" timestamp="9 Nov 2020 13:54:54 GMT" time="21.012" errors="0">
  <testcase name="messages" time="21.012" classname="com.PatientMessageTestcase.ViewInboxMessage"/>
</testsuite> <!-- com.PatientMessageTestcase.ViewInboxMessage -->
