<?xml version="1.0" encoding="UTF-8"?>
<!-- Generated by org.testng.reporters.JUnitReportReporter -->
<testsuite hostname="raju-desktop" name="com.settingsTestcase.SettingTestcase3" tests="1" failures="0" timestamp="10 Dec 2020 09:13:25 GMT" time="6.572" errors="0">
  <testcase name="set" time="6.572" classname="com.settingsTestcase.SettingTestcase3"/>
</testsuite> <!-- com.settingsTestcase.SettingTestcase3 -->
