<?xml version="1.0" encoding="UTF-8"?>
<!-- Generated by org.testng.reporters.JUnitReportReporter -->
<testsuite hostname="raju-desktop" name="com.qa.test.Login" tests="1" failures="0" timestamp="7 Apr 2020 05:07:21 GMT" time="10.170" errors="0">
  <testcase name="login" time="10.170" classname="com.qa.test.Login"/>
</testsuite> <!-- com.qa.test.Login -->
