<?xml version="1.0" encoding="UTF-8"?>
<!-- Generated by org.testng.reporters.JUnitReportReporter -->
<testsuite hostname="DESKTOP-R32IHP1" name="com.qa.test.Salt" tests="1" failures="0" timestamp="13 Mar 2020 06:01:50 GMT" time="21.044" errors="0">
  <testcase name="Salt" time="21.044" classname="com.qa.test.Salt"/>
</testsuite> <!-- com.qa.test.Salt -->
